  Determining projects to restore...
  All projects are up-to-date for restore.
  GameplaySessionTracker -> C:\AI_Games\LastSpikeServer\GameplaySessionTracker\bin\Debug\net9.0\GameplaySessionTracker.dll
C:\AI_Games\LastSpikeServer\UnitTests\Controllers\SessionGameBoardsControllerTests.cs(68,18): error CS0246: The type or namespace name 'Task' could not be found (are you missing a using directive or an assembly reference?) [C:\AI_Games\LastSpikeServer\UnitTests\GameplaySessionTracker.Tests.csproj]
C:\AI_Games\LastSpikeServer\UnitTests\Controllers\SessionPlayersControllerTests.cs(79,18): error CS0246: The type or namespace name 'Task' could not be found (are you missing a using directive or an assembly reference?) [C:\AI_Games\LastSpikeServer\UnitTests\GameplaySessionTracker.Tests.csproj]
C:\AI_Games\LastSpikeServer\UnitTests\Controllers\SessionGameBoardsControllerTests.cs(77,18): error CS0246: The type or namespace name 'Task' could not be found (are you missing a using directive or an assembly reference?) [C:\AI_Games\LastSpikeServer\UnitTests\GameplaySessionTracker.Tests.csproj]
C:\AI_Games\LastSpikeServer\UnitTests\Controllers\SessionGameBoardsControllerTests.cs(87,18): error CS0246: The type or namespace name 'Task' could not be found (are you missing a using directive or an assembly reference?) [C:\AI_Games\LastSpikeServer\UnitTests\GameplaySessionTracker.Tests.csproj]
C:\AI_Games\LastSpikeServer\UnitTests\Controllers\SessionPlayersControllerTests.cs(88,18): error CS0246: The type or namespace name 'Task' could not be found (are you missing a using directive or an assembly reference?) [C:\AI_Games\LastSpikeServer\UnitTests\GameplaySessionTracker.Tests.csproj]
C:\AI_Games\LastSpikeServer\UnitTests\Controllers\SessionGameBoardsControllerTests.cs(98,18): error CS0246: The type or namespace name 'Task' could not be found (are you missing a using directive or an assembly reference?) [C:\AI_Games\LastSpikeServer\UnitTests\GameplaySessionTracker.Tests.csproj]
C:\AI_Games\LastSpikeServer\UnitTests\Controllers\SessionPlayersControllerTests.cs(98,18): error CS0246: The type or namespace name 'Task' could not be found (are you missing a using directive or an assembly reference?) [C:\AI_Games\LastSpikeServer\UnitTests\GameplaySessionTracker.Tests.csproj]
C:\AI_Games\LastSpikeServer\UnitTests\Controllers\SessionGameBoardsControllerTests.cs(110,18): error CS0246: The type or namespace name 'Task' could not be found (are you missing a using directive or an assembly reference?) [C:\AI_Games\LastSpikeServer\UnitTests\GameplaySessionTracker.Tests.csproj]
C:\AI_Games\LastSpikeServer\UnitTests\Controllers\SessionPlayersControllerTests.cs(109,18): error CS0246: The type or namespace name 'Task' could not be found (are you missing a using directive or an assembly reference?) [C:\AI_Games\LastSpikeServer\UnitTests\GameplaySessionTracker.Tests.csproj]
C:\AI_Games\LastSpikeServer\UnitTests\Controllers\SessionPlayersControllerTests.cs(121,18): error CS0246: The type or namespace name 'Task' could not be found (are you missing a using directive or an assembly reference?) [C:\AI_Games\LastSpikeServer\UnitTests\GameplaySessionTracker.Tests.csproj]

Build FAILED.

C:\AI_Games\LastSpikeServer\UnitTests\Controllers\SessionGameBoardsControllerTests.cs(68,18): error CS0246: The type or namespace name 'Task' could not be found (are you missing a using directive or an assembly reference?) [C:\AI_Games\LastSpikeServer\UnitTests\GameplaySessionTracker.Tests.csproj]
C:\AI_Games\LastSpikeServer\UnitTests\Controllers\SessionPlayersControllerTests.cs(79,18): error CS0246: The type or namespace name 'Task' could not be found (are you missing a using directive or an assembly reference?) [C:\AI_Games\LastSpikeServer\UnitTests\GameplaySessionTracker.Tests.csproj]
C:\AI_Games\LastSpikeServer\UnitTests\Controllers\SessionGameBoardsControllerTests.cs(77,18): error CS0246: The type or namespace name 'Task' could not be found (are you missing a using directive or an assembly reference?) [C:\AI_Games\LastSpikeServer\UnitTests\GameplaySessionTracker.Tests.csproj]
C:\AI_Games\LastSpikeServer\UnitTests\Controllers\SessionGameBoardsControllerTests.cs(87,18): error CS0246: The type or namespace name 'Task' could not be found (are you missing a using directive or an assembly reference?) [C:\AI_Games\LastSpikeServer\UnitTests\GameplaySessionTracker.Tests.csproj]
C:\AI_Games\LastSpikeServer\UnitTests\Controllers\SessionPlayersControllerTests.cs(88,18): error CS0246: The type or namespace name 'Task' could not be found (are you missing a using directive or an assembly reference?) [C:\AI_Games\LastSpikeServer\UnitTests\GameplaySessionTracker.Tests.csproj]
C:\AI_Games\LastSpikeServer\UnitTests\Controllers\SessionGameBoardsControllerTests.cs(98,18): error CS0246: The type or namespace name 'Task' could not be found (are you missing a using directive or an assembly reference?) [C:\AI_Games\LastSpikeServer\UnitTests\GameplaySessionTracker.Tests.csproj]
C:\AI_Games\LastSpikeServer\UnitTests\Controllers\SessionPlayersControllerTests.cs(98,18): error CS0246: The type or namespace name 'Task' could not be found (are you missing a using directive or an assembly reference?) [C:\AI_Games\LastSpikeServer\UnitTests\GameplaySessionTracker.Tests.csproj]
C:\AI_Games\LastSpikeServer\UnitTests\Controllers\SessionGameBoardsControllerTests.cs(110,18): error CS0246: The type or namespace name 'Task' could not be found (are you missing a using directive or an assembly reference?) [C:\AI_Games\LastSpikeServer\UnitTests\GameplaySessionTracker.Tests.csproj]
C:\AI_Games\LastSpikeServer\UnitTests\Controllers\SessionPlayersControllerTests.cs(109,18): error CS0246: The type or namespace name 'Task' could not be found (are you missing a using directive or an assembly reference?) [C:\AI_Games\LastSpikeServer\UnitTests\GameplaySessionTracker.Tests.csproj]
C:\AI_Games\LastSpikeServer\UnitTests\Controllers\SessionPlayersControllerTests.cs(121,18): error CS0246: The type or namespace name 'Task' could not be found (are you missing a using directive or an assembly reference?) [C:\AI_Games\LastSpikeServer\UnitTests\GameplaySessionTracker.Tests.csproj]
    0 Warning(s)
    10 Error(s)

Time Elapsed 00:00:00.94

Workload updates are available. Run `dotnet workload list` for more information.
